system   D            wsystem.c:583  maybe_parent_dir                 [   0.00797] Also searching D:\projekt\cliente\Project1\
system   D            wsystem.c:633  _al_win_safe_load_library        [   0.00809] PathFindOnPath found: C:\Windows\system32\d3d9.dll
system   D            wsystem.c:544  load_library_at_path             [   0.00811] Calling LoadLibrary C:\Windows\system32\d3d9.dll
system   I            wsystem.c:547  load_library_at_path             [   0.01011] Loaded C:\Windows\system32\d3d9.dll
d3d      I         d3d_disp.cpp:696  _al_d3d_init_display             [   0.02399] Render-to-texture: 1
system   I             system.c:252  al_install_system                [   0.02402] Allegro version: 5.0.10
d3d      I         d3d_disp.cpp:1737 d3d_create_display_locked        [   0.02512] faux_fullscreen=0
d3d      D         d3d_disp.cpp:1738 d3d_create_display_locked        [   0.02513] al_display=008457E8
d3d      D         d3d_disp.cpp:1739 d3d_create_display_locked        [   0.02514] al_display->vt=00845720
d3d      I d3d_display_formats.cpp:144  _al_d3d_generate_display_format_list [   0.04154] found 288 format combinations
display  D   display_settings.c:191  debug_display_settings           [   0.04156] color: 32 (rgba 8880), depth: 0, stencil: 0, acc: 0000, samples: 0/0
display  D   display_settings.c:506  _al_score_display_settings       [   0.04157] Score is : 897
display  D   display_settings.c:191  debug_display_settings           [   0.04157] color: 32 (rgba 8880), depth: 0, stencil: 0, acc: 0000, samples: 0/0
display  D   display_settings.c:506  _al_score_display_settings       [   0.04158] Score is : 897
display  D   display_settings.c:191  debug_display_settings           [   0.04159] color: 32 (rgba 8880), depth: 0, stencil: 0, acc: 0000, samples: 2/1
display  D   display_settings.c:506  _al_score_display_settings       [   0.04159] Score is : 726
display  D   display_settings.c:191  debug_display_settings           [   0.04160] color: 32 (rgba 8880), depth: 0, stencil: 0, acc: 0000, samples: 3/1
display  D   display_settings.c:506  _al_score_display_settings       [   0.04161] Score is : 721
display  D   display_settings.c:191  debug_display_settings           [   0.04161] color: 32 (rgba 8880), depth: 0, stencil: 0, acc: 0000, samples: 4/1
display  D   display_settings.c:506  _al_score_display_settings       [   0.04162] Score is : 717
display  D   display_settings.c:191  debug_display_settings           [   0.04163] color: 32 (rgba 8880), depth: 0, stencil: 0, acc: 0000, samples: 5/1
display  D   display_settings.c:506  _al_score_display_settings       [   0.04164] Score is : 715
display  D   display_settings.c:191  debug_display_settings           [   0.04164] color: 32 (rgba 8880), depth: 0, stencil: 0, acc: 0000, samples: 6/1
display  D   display_settings.c:506  _al_score_display_settings       [   0.04165] Score is : 714
display  D   display_settings.c:191  debug_display_settings           [   0.04166] color: 32 (rgba 8880), depth: 0, stencil: 0, acc: 0000, samples: 7/1
display  D   display_settings.c:506  _al_score_display_settings       [   0.04166] Score is : 713
display  D   display_settings.c:191  debug_display_settings           [   0.04167] color: 32 (rgba 8880), depth: 0, stencil: 0, acc: 0000, samples: 8/1
display  D   display_settings.c:506  _al_score_display_settings       [   0.04168] Score is : 712
display  D   display_settings.c:191  debug_display_settings           [   0.04168] color: 32 (rgba 8880), depth: 24, stencil: 8, acc: 0000, samples: 0/0
display  D   display_settings.c:506  _al_score_display_settings       [   0.04169] Score is : 897
display  D   display_settings.c:191  debug_display_settings           [   0.04170] color: 32 (rgba 8880), depth: 24, stencil: 8, acc: 0000, samples: 0/0
display  D   display_settings.c:506  _al_score_display_settings       [   0.04171] Score is : 897
display  D   display_settings.c:191  debug_display_settings           [   0.04171] color: 32 (rgba 8880), depth: 24, stencil: 8, acc: 0000, samples: 2/1
display  D   display_settings.c:506  _al_score_display_settings       [   0.04172] Score is : 726
display  D   display_settings.c:191  debug_display_settings           [   0.04176] color: 32 (rgba 8880), depth: 24, stencil: 8, acc: 0000, samples: 3/1
display  D   display_settings.c:506  _al_score_display_settings       [   0.04177] Score is : 721
display  D   display_settings.c:191  debug_display_settings           [   0.04177] color: 32 (rgba 8880), depth: 24, stencil: 8, acc: 0000, samples: 4/1
display  D   display_settings.c:506  _al_score_display_settings       [   0.04178] Score is : 717
display  D   display_settings.c:191  debug_display_settings           [   0.04179] color: 32 (rgba 8880), depth: 24, stencil: 8, acc: 0000, samples: 5/1
display  D   display_settings.c:506  _al_score_display_settings       [   0.04179] Score is : 715
display  D   display_settings.c:191  debug_display_settings           [   0.04180] color: 32 (rgba 8880), depth: 24, stencil: 8, acc: 0000, samples: 6/1
display  D   display_settings.c:506  _al_score_display_settings       [   0.04181] Score is : 714
display  D   display_settings.c:191  debug_display_settings           [   0.04181] color: 32 (rgba 8880), depth: 24, stencil: 8, acc: 0000, samples: 7/1
display  D   display_settings.c:506  _al_score_display_settings       [   0.04182] Score is : 713
display  D   display_settings.c:191  debug_display_settings           [   0.04183] color: 32 (rgba 8880), depth: 24, stencil: 8, acc: 0000, samples: 8/1
display  D   display_settings.c:506  _al_score_display_settings       [   0.04184] Score is : 712
display  D   display_settings.c:191  debug_display_settings           [   0.04184] color: 32 (rgba 8880), depth: 24, stencil: 0, acc: 0000, samples: 0/0
display  D   display_settings.c:506  _al_score_display_settings       [   0.04185] Score is : 897
display  D   display_settings.c:191  debug_display_settings           [   0.04185] color: 32 (rgba 8880), depth: 24, stencil: 0, acc: 0000, samples: 0/0
display  D   display_settings.c:506  _al_score_display_settings       [   0.04186] Score is : 897
display  D   display_settings.c:191  debug_display_settings           [   0.04187] color: 32 (rgba 8880), depth: 24, stencil: 0, acc: 0000, samples: 2/1
display  D   display_settings.c:506  _al_score_display_settings       [   0.04188] Score is : 726
display  D   display_settings.c:191  debug_display_settings           [   0.04188] color: 32 (rgba 8880), depth: 24, stencil: 0, acc: 0000, samples: 3/1
display  D   display_settings.c:506  _al_score_display_settings       [   0.04189] Score is : 721
display  D   display_settings.c:191  debug_display_settings           [   0.04190] color: 32 (rgba 8880), depth: 24, stencil: 0, acc: 0000, samples: 4/1
display  D   display_settings.c:506  _al_score_display_settings       [   0.04190] Score is : 717
display  D   display_settings.c:191  debug_display_settings           [   0.04191] color: 32 (rgba 8880), depth: 24, stencil: 0, acc: 0000, samples: 5/1
display  D   display_settings.c:506  _al_score_display_settings       [   0.04192] Score is : 715
display  D   display_settings.c:191  debug_display_settings           [   0.04192] color: 32 (rgba 8880), depth: 24, stencil: 0, acc: 0000, samples: 6/1
display  D   display_settings.c:506  _al_score_display_settings       [   0.04193] Score is : 714
display  D   display_settings.c:191  debug_display_settings           [   0.04194] color: 32 (rgba 8880), depth: 24, stencil: 0, acc: 0000, samples: 7/1
display  D   display_settings.c:506  _al_score_display_settings       [   0.04195] Score is : 713
display  D   display_settings.c:191  debug_display_settings           [   0.04195] color: 32 (rgba 8880), depth: 24, stencil: 0, acc: 0000, samples: 8/1
display  D   display_settings.c:506  _al_score_display_settings       [   0.04196] Score is : 712
display  D   display_settings.c:191  debug_display_settings           [   0.04197] color: 32 (rgba 8880), depth: 16, stencil: 0, acc: 0000, samples: 0/0
display  D   display_settings.c:506  _al_score_display_settings       [   0.04197] Score is : 897
display  D   display_settings.c:191  debug_display_settings           [   0.04198] color: 32 (rgba 8880), depth: 16, stencil: 0, acc: 0000, samples: 0/0
display  D   display_settings.c:506  _al_score_display_settings       [   0.04199] Score is : 897
display  D   display_settings.c:191  debug_display_settings           [   0.04199] color: 32 (rgba 8880), depth: 16, stencil: 0, acc: 0000, samples: 2/1
display  D   display_settings.c:506  _al_score_display_settings       [   0.04200] Score is : 726
display  D   display_settings.c:191  debug_display_settings           [   0.04201] color: 32 (rgba 8880), depth: 16, stencil: 0, acc: 0000, samples: 3/1
display  D   display_settings.c:506  _al_score_display_settings       [   0.04202] Score is : 721
display  D   display_settings.c:191  debug_display_settings           [   0.04202] color: 32 (rgba 8880), depth: 16, stencil: 0, acc: 0000, samples: 4/1
display  D   display_settings.c:506  _al_score_display_settings       [   0.04203] Score is : 717
display  D   display_settings.c:191  debug_display_settings           [   0.04203] color: 32 (rgba 8880), depth: 16, stencil: 0, acc: 0000, samples: 5/1
display  D   display_settings.c:506  _al_score_display_settings       [   0.04204] Score is : 715
display  D   display_settings.c:191  debug_display_settings           [   0.04205] color: 32 (rgba 8880), depth: 16, stencil: 0, acc: 0000, samples: 6/1
display  D   display_settings.c:506  _al_score_display_settings       [   0.04206] Score is : 714
display  D   display_settings.c:191  debug_display_settings           [   0.04206] color: 32 (rgba 8880), depth: 16, stencil: 0, acc: 0000, samples: 7/1
display  D   display_settings.c:506  _al_score_display_settings       [   0.04207] Score is : 713
display  D   display_settings.c:191  debug_display_settings           [   0.04208] color: 32 (rgba 8880), depth: 16, stencil: 0, acc: 0000, samples: 8/1
display  D   display_settings.c:506  _al_score_display_settings       [   0.04208] Score is : 712
display  D   display_settings.c:191  debug_display_settings           [   0.04209] color: 16 (rgba 5650), depth: 0, stencil: 0, acc: 0000, samples: 0/0
display  D   display_settings.c:506  _al_score_display_settings       [   0.04210] Score is : 897
display  D   display_settings.c:191  debug_display_settings           [   0.04210] color: 16 (rgba 5650), depth: 0, stencil: 0, acc: 0000, samples: 0/0
display  D   display_settings.c:506  _al_score_display_settings       [   0.04211] Score is : 897
display  D   display_settings.c:191  debug_display_settings           [   0.04212] color: 16 (rgba 5650), depth: 0, stencil: 0, acc: 0000, samples: 2/1
display  D   display_settings.c:506  _al_score_display_settings       [   0.04212] Score is : 726
display  D   display_settings.c:191  debug_display_settings           [   0.04213] color: 16 (rgba 5650), depth: 0, stencil: 0, acc: 0000, samples: 3/1
display  D   display_settings.c:506  _al_score_display_settings       [   0.04214] Score is : 721
display  D   display_settings.c:191  debug_display_settings           [   0.04214] color: 16 (rgba 5650), depth: 0, stencil: 0, acc: 0000, samples: 4/1
display  D   display_settings.c:506  _al_score_display_settings       [   0.04215] Score is : 717
display  D   display_settings.c:191  debug_display_settings           [   0.04216] color: 16 (rgba 5650), depth: 0, stencil: 0, acc: 0000, samples: 5/1
display  D   display_settings.c:506  _al_score_display_settings       [   0.04216] Score is : 715
display  D   display_settings.c:191  debug_display_settings           [   0.04217] color: 16 (rgba 5650), depth: 0, stencil: 0, acc: 0000, samples: 6/1
display  D   display_settings.c:506  _al_score_display_settings       [   0.04218] Score is : 714
display  D   display_settings.c:191  debug_display_settings           [   0.04218] color: 16 (rgba 5650), depth: 0, stencil: 0, acc: 0000, samples: 7/1
display  D   display_settings.c:506  _al_score_display_settings       [   0.04219] Score is : 713
display  D   display_settings.c:191  debug_display_settings           [   0.04220] color: 16 (rgba 5650), depth: 0, stencil: 0, acc: 0000, samples: 8/1
display  D   display_settings.c:506  _al_score_display_settings       [   0.04221] Score is : 712
display  D   display_settings.c:191  debug_display_settings           [   0.04221] color: 16 (rgba 5650), depth: 24, stencil: 8, acc: 0000, samples: 0/0
display  D   display_settings.c:506  _al_score_display_settings       [   0.04222] Score is : 897
display  D   display_settings.c:191  debug_display_settings           [   0.04223] color: 16 (rgba 5650), depth: 24, stencil: 8, acc: 0000, samples: 0/0
display  D   display_settings.c:506  _al_score_display_settings       [   0.04223] Score is : 897
display  D   display_settings.c:191  debug_display_settings           [   0.04224] color: 16 (rgba 5650), depth: 24, stencil: 8, acc: 0000, samples: 2/1
display  D   display_settings.c:506  _al_score_display_settings       [   0.04225] Score is : 726
display  D   display_settings.c:191  debug_display_settings           [   0.04225] color: 16 (rgba 5650), depth: 24, stencil: 8, acc: 0000, samples: 3/1
display  D   display_settings.c:506  _al_score_display_settings       [   0.04226] Score is : 721
display  D   display_settings.c:191  debug_display_settings           [   0.04227] color: 16 (rgba 5650), depth: 24, stencil: 8, acc: 0000, samples: 4/1
display  D   display_settings.c:506  _al_score_display_settings       [   0.04227] Score is : 717
display  D   display_settings.c:191  debug_display_settings           [   0.04228] color: 16 (rgba 5650), depth: 24, stencil: 8, acc: 0000, samples: 5/1
display  D   display_settings.c:506  _al_score_display_settings       [   0.04229] Score is : 715
display  D   display_settings.c:191  debug_display_settings           [   0.04229] color: 16 (rgba 5650), depth: 24, stencil: 8, acc: 0000, samples: 6/1
display  D   display_settings.c:506  _al_score_display_settings       [   0.04230] Score is : 714
display  D   display_settings.c:191  debug_display_settings           [   0.04231] color: 16 (rgba 5650), depth: 24, stencil: 8, acc: 0000, samples: 7/1
display  D   display_settings.c:506  _al_score_display_settings       [   0.04231] Score is : 713
display  D   display_settings.c:191  debug_display_settings           [   0.04232] color: 16 (rgba 5650), depth: 24, stencil: 8, acc: 0000, samples: 8/1
display  D   display_settings.c:506  _al_score_display_settings       [   0.04233] Score is : 712
display  D   display_settings.c:191  debug_display_settings           [   0.04233] color: 16 (rgba 5650), depth: 24, stencil: 0, acc: 0000, samples: 0/0
display  D   display_settings.c:506  _al_score_display_settings       [   0.04234] Score is : 897
display  D   display_settings.c:191  debug_display_settings           [   0.04235] color: 16 (rgba 5650), depth: 24, stencil: 0, acc: 0000, samples: 0/0
display  D   display_settings.c:506  _al_score_display_settings       [   0.04236] Score is : 897
display  D   display_settings.c:191  debug_display_settings           [   0.04236] color: 16 (rgba 5650), depth: 24, stencil: 0, acc: 0000, samples: 2/1
display  D   display_settings.c:506  _al_score_display_settings       [   0.04237] Score is : 726
display  D   display_settings.c:191  debug_display_settings           [   0.04237] color: 16 (rgba 5650), depth: 24, stencil: 0, acc: 0000, samples: 3/1
display  D   display_settings.c:506  _al_score_display_settings       [   0.04238] Score is : 721
display  D   display_settings.c:191  debug_display_settings           [   0.04239] color: 16 (rgba 5650), depth: 24, stencil: 0, acc: 0000, samples: 4/1
display  D   display_settings.c:506  _al_score_display_settings       [   0.04240] Score is : 717
display  D   display_settings.c:191  debug_display_settings           [   0.04240] color: 16 (rgba 5650), depth: 24, stencil: 0, acc: 0000, samples: 5/1
display  D   display_settings.c:506  _al_score_display_settings       [   0.04241] Score is : 715
display  D   display_settings.c:191  debug_display_settings           [   0.04241] color: 16 (rgba 5650), depth: 24, stencil: 0, acc: 0000, samples: 6/1
display  D   display_settings.c:506  _al_score_display_settings       [   0.04243] Score is : 714
display  D   display_settings.c:191  debug_display_settings           [   0.04244] color: 16 (rgba 5650), depth: 24, stencil: 0, acc: 0000, samples: 7/1
display  D   display_settings.c:506  _al_score_display_settings       [   0.04245] Score is : 713
display  D   display_settings.c:191  debug_display_settings           [   0.04245] color: 16 (rgba 5650), depth: 24, stencil: 0, acc: 0000, samples: 8/1
display  D   display_settings.c:506  _al_score_display_settings       [   0.04246] Score is : 712
display  D   display_settings.c:191  debug_display_settings           [   0.04247] color: 16 (rgba 5650), depth: 16, stencil: 0, acc: 0000, samples: 0/0
display  D   display_settings.c:506  _al_score_display_settings       [   0.04248] Score is : 897
display  D   display_settings.c:191  debug_display_settings           [   0.04248] color: 16 (rgba 5650), depth: 16, stencil: 0, acc: 0000, samples: 0/0
display  D   display_settings.c:506  _al_score_display_settings       [   0.04249] Score is : 897
display  D   display_settings.c:191  debug_display_settings           [   0.04249] color: 16 (rgba 5650), depth: 16, stencil: 0, acc: 0000, samples: 2/1
display  D   display_settings.c:506  _al_score_display_settings       [   0.04250] Score is : 726
display  D   display_settings.c:191  debug_display_settings           [   0.04251] color: 16 (rgba 5650), depth: 16, stencil: 0, acc: 0000, samples: 3/1
display  D   display_settings.c:506  _al_score_display_settings       [   0.04252] Score is : 721
display  D   display_settings.c:191  debug_display_settings           [   0.04252] color: 16 (rgba 5650), depth: 16, stencil: 0, acc: 0000, samples: 4/1
display  D   display_settings.c:506  _al_score_display_settings       [   0.04253] Score is : 717
display  D   display_settings.c:191  debug_display_settings           [   0.04254] color: 16 (rgba 5650), depth: 16, stencil: 0, acc: 0000, samples: 5/1
display  D   display_settings.c:506  _al_score_display_settings       [   0.04254] Score is : 715
display  D   display_settings.c:191  debug_display_settings           [   0.04255] color: 16 (rgba 5650), depth: 16, stencil: 0, acc: 0000, samples: 6/1
display  D   display_settings.c:506  _al_score_display_settings       [   0.04256] Score is : 714
display  D   display_settings.c:191  debug_display_settings           [   0.04256] color: 16 (rgba 5650), depth: 16, stencil: 0, acc: 0000, samples: 7/1
display  D   display_settings.c:506  _al_score_display_settings       [   0.04257] Score is : 713
display  D   display_settings.c:191  debug_display_settings           [   0.04258] color: 16 (rgba 5650), depth: 16, stencil: 0, acc: 0000, samples: 8/1
display  D   display_settings.c:506  _al_score_display_settings       [   0.04258] Score is : 712
display  D   display_settings.c:191  debug_display_settings           [   0.04259] color: 32 (rgba 8880), depth: 0, stencil: 0, acc: 0000, samples: 0/0
display  D   display_settings.c:377  _al_score_display_settings       [   0.04260] Single Buffer requirement not met.
display  D   display_settings.c:191  debug_display_settings           [   0.04260] color: 32 (rgba 8880), depth: 0, stencil: 0, acc: 0000, samples: 0/0
display  D   display_settings.c:377  _al_score_display_settings       [   0.04261] Single Buffer requirement not met.
display  D   display_settings.c:191  debug_display_settings           [   0.04262] color: 32 (rgba 8880), depth: 0, stencil: 0, acc: 0000, samples: 2/1
display  D   display_settings.c:377  _al_score_display_settings       [   0.04263] Single Buffer requirement not met.
display  D   display_settings.c:191  debug_display_settings           [   0.04263] color: 32 (rgba 8880), depth: 0, stencil: 0, acc: 0000, samples: 3/1
display  D   display_settings.c:377  _al_score_display_settings       [   0.04264] Single Buffer requirement not met.
display  D   display_settings.c:191  debug_display_settings           [   0.04265] color: 32 (rgba 8880), depth: 0, stencil: 0, acc: 0000, samples: 4/1
display  D   display_settings.c:377  _al_score_display_settings       [   0.04265] Single Buffer requirement not met.
display  D   display_settings.c:191  debug_display_settings           [   0.04266] color: 32 (rgba 8880), depth: 0, stencil: 0, acc: 0000, samples: 5/1
display  D   display_settings.c:377  _al_score_display_settings       [   0.04267] Single Buffer requirement not met.
display  D   display_settings.c:191  debug_display_settings           [   0.04268] color: 32 (rgba 8880), depth: 0, stencil: 0, acc: 0000, samples: 6/1
display  D   display_settings.c:377  _al_score_display_settings       [   0.04268] Single Buffer requirement not met.
display  D   display_settings.c:191  debug_display_settings           [   0.04269] color: 32 (rgba 8880), depth: 0, stencil: 0, acc: 0000, samples: 7/1
display  D   display_settings.c:377  _al_score_display_settings       [   0.04270] Single Buffer requirement not met.
display  D   display_settings.c:191  debug_display_settings           [   0.04270] color: 32 (rgba 8880), depth: 0, stencil: 0, acc: 0000, samples: 8/1
display  D   display_settings.c:377  _al_score_display_settings       [   0.04271] Single Buffer requirement not met.
display  D   display_settings.c:191  debug_display_settings           [   0.04272] color: 32 (rgba 8880), depth: 24, stencil: 8, acc: 0000, samples: 0/0
display  D   display_settings.c:377  _al_score_display_settings       [   0.04272] Single Buffer requirement not met.
display  D   display_settings.c:191  debug_display_settings           [   0.04273] color: 32 (rgba 8880), depth: 24, stencil: 8, acc: 0000, samples: 0/0
display  D   display_settings.c:377  _al_score_display_settings       [   0.04274] Single Buffer requirement not met.
display  D   display_settings.c:191  debug_display_settings           [   0.04274] color: 32 (rgba 8880), depth: 24, stencil: 8, acc: 0000, samples: 2/1
display  D   display_settings.c:377  _al_score_display_settings       [   0.04275] Single Buffer requirement not met.
display  D   display_settings.c:191  debug_display_settings           [   0.04276] color: 32 (rgba 8880), depth: 24, stencil: 8, acc: 0000, samples: 3/1
display  D   display_settings.c:377  _al_score_display_settings       [   0.04277] Single Buffer requirement not met.
display  D   display_settings.c:191  debug_display_settings           [   0.04278] color: 32 (rgba 8880), depth: 24, stencil: 8, acc: 0000, samples: 4/1
display  D   display_settings.c:377  _al_score_display_settings       [   0.04278] Single Buffer requirement not met.
display  D   display_settings.c:191  debug_display_settings           [   0.04279] color: 32 (rgba 8880), depth: 24, stencil: 8, acc: 0000, samples: 5/1
display  D   display_settings.c:377  _al_score_display_settings       [   0.04280] Single Buffer requirement not met.
display  D   display_settings.c:191  debug_display_settings           [   0.04280] color: 32 (rgba 8880), depth: 24, stencil: 8, acc: 0000, samples: 6/1
display  D   display_settings.c:377  _al_score_display_settings       [   0.04281] Single Buffer requirement not met.
display  D   display_settings.c:191  debug_display_settings           [   0.04282] color: 32 (rgba 8880), depth: 24, stencil: 8, acc: 0000, samples: 7/1
display  D   display_settings.c:377  _al_score_display_settings       [   0.04283] Single Buffer requirement not met.
display  D   display_settings.c:191  debug_display_settings           [   0.04283] color: 32 (rgba 8880), depth: 24, stencil: 8, acc: 0000, samples: 8/1
display  D   display_settings.c:377  _al_score_display_settings       [   0.04284] Single Buffer requirement not met.
display  D   display_settings.c:191  debug_display_settings           [   0.04285] color: 32 (rgba 8880), depth: 24, stencil: 0, acc: 0000, samples: 0/0
display  D   display_settings.c:377  _al_score_display_settings       [   0.04285] Single Buffer requirement not met.
display  D   display_settings.c:191  debug_display_settings           [   0.04286] color: 32 (rgba 8880), depth: 24, stencil: 0, acc: 0000, samples: 0/0
display  D   display_settings.c:377  _al_score_display_settings       [   0.04287] Single Buffer requirement not met.
display  D   display_settings.c:191  debug_display_settings           [   0.04287] color: 32 (rgba 8880), depth: 24, stencil: 0, acc: 0000, samples: 2/1
display  D   display_settings.c:377  _al_score_display_settings       [   0.04288] Single Buffer requirement not met.
display  D   display_settings.c:191  debug_display_settings           [   0.04289] color: 32 (rgba 8880), depth: 24, stencil: 0, acc: 0000, samples: 3/1
display  D   display_settings.c:377  _al_score_display_settings       [   0.04290] Single Buffer requirement not met.
display  D   display_settings.c:191  debug_display_settings           [   0.04290] color: 32 (rgba 8880), depth: 24, stencil: 0, acc: 0000, samples: 4/1
display  D   display_settings.c:377  _al_score_display_settings       [   0.04291] Single Buffer requirement not met.
display  D   display_settings.c:191  debug_display_settings           [   0.04292] color: 32 (rgba 8880), depth: 24, stencil: 0, acc: 0000, samples: 5/1
display  D   display_settings.c:377  _al_score_display_settings       [   0.04293] Single Buffer requirement not met.
display  D   display_settings.c:191  debug_display_settings           [   0.04293] color: 32 (rgba 8880), depth: 24, stencil: 0, acc: 0000, samples: 6/1
display  D   display_settings.c:377  _al_score_display_settings       [   0.04294] Single Buffer requirement not met.
display  D   display_settings.c:191  debug_display_settings           [   0.04295] color: 32 (rgba 8880), depth: 24, stencil: 0, acc: 0000, samples: 7/1
display  D   display_settings.c:377  _al_score_display_settings       [   0.04295] Single Buffer requirement not met.
display  D   display_settings.c:191  debug_display_settings           [   0.04296] color: 32 (rgba 8880), depth: 24, stencil: 0, acc: 0000, samples: 8/1
display  D   display_settings.c:377  _al_score_display_settings       [   0.04297] Single Buffer requirement not met.
display  D   display_settings.c:191  debug_display_settings           [   0.04297] color: 32 (rgba 8880), depth: 16, stencil: 0, acc: 0000, samples: 0/0
display  D   display_settings.c:377  _al_score_display_settings       [   0.04298] Single Buffer requirement not met.
display  D   display_settings.c:191  debug_display_settings           [   0.04299] color: 32 (rgba 8880), depth: 16, stencil: 0, acc: 0000, samples: 0/0
display  D   display_settings.c:377  _al_score_display_settings       [   0.04299] Single Buffer requirement not met.
display  D   display_settings.c:191  debug_display_settings           [   0.04300] color: 32 (rgba 8880), depth: 16, stencil: 0, acc: 0000, samples: 2/1
display  D   display_settings.c:377  _al_score_display_settings       [   0.04301] Single Buffer requirement not met.
display  D   display_settings.c:191  debug_display_settings           [   0.04301] color: 32 (rgba 8880), depth: 16, stencil: 0, acc: 0000, samples: 3/1
display  D   display_settings.c:377  _al_score_display_settings       [   0.04302] Single Buffer requirement not met.
display  D   display_settings.c:191  debug_display_settings           [   0.04303] color: 32 (rgba 8880), depth: 16, stencil: 0, acc: 0000, samples: 4/1
display  D   display_settings.c:377  _al_score_display_settings       [   0.04304] Single Buffer requirement not met.
display  D   display_settings.c:191  debug_display_settings           [   0.04304] color: 32 (rgba 8880), depth: 16, stencil: 0, acc: 0000, samples: 5/1
display  D   display_settings.c:377  _al_score_display_settings       [   0.04305] Single Buffer requirement not met.
display  D   display_settings.c:191  debug_display_settings           [   0.04306] color: 32 (rgba 8880), depth: 16, stencil: 0, acc: 0000, samples: 6/1
display  D   display_settings.c:377  _al_score_display_settings       [   0.04306] Single Buffer requirement not met.
display  D   display_settings.c:191  debug_display_settings           [   0.04307] color: 32 (rgba 8880), depth: 16, stencil: 0, acc: 0000, samples: 7/1
display  D   display_settings.c:377  _al_score_display_settings       [   0.04308] Single Buffer requirement not met.
display  D   display_settings.c:191  debug_display_settings           [   0.04309] color: 32 (rgba 8880), depth: 16, stencil: 0, acc: 0000, samples: 8/1
display  D   display_settings.c:377  _al_score_display_settings       [   0.04309] Single Buffer requirement not met.
display  D   display_settings.c:191  debug_display_settings           [   0.04310] color: 16 (rgba 5650), depth: 0, stencil: 0, acc: 0000, samples: 0/0
display  D   display_settings.c:377  _al_score_display_settings       [   0.04311] Single Buffer requirement not met.
display  D   display_settings.c:191  debug_display_settings           [   0.04311] color: 16 (rgba 5650), depth: 0, stencil: 0, acc: 0000, samples: 0/0
display  D   display_settings.c:377  _al_score_display_settings       [   0.04312] Single Buffer requirement not met.
display  D   display_settings.c:191  debug_display_settings           [   0.04313] color: 16 (rgba 5650), depth: 0, stencil: 0, acc: 0000, samples: 2/1
display  D   display_settings.c:377  _al_score_display_settings       [   0.04314] Single Buffer requirement not met.
display  D   display_settings.c:191  debug_display_settings           [   0.04314] color: 16 (rgba 5650), depth: 0, stencil: 0, acc: 0000, samples: 3/1
display  D   display_settings.c:377  _al_score_display_settings       [   0.04315] Single Buffer requirement not met.
display  D   display_settings.c:191  debug_display_settings           [   0.04316] color: 16 (rgba 5650), depth: 0, stencil: 0, acc: 0000, samples: 4/1
display  D   display_settings.c:377  _al_score_display_settings       [   0.04316] Single Buffer requirement not met.
display  D   display_settings.c:191  debug_display_settings           [   0.04317] color: 16 (rgba 5650), depth: 0, stencil: 0, acc: 0000, samples: 5/1
display  D   display_settings.c:377  _al_score_display_settings       [   0.04318] Single Buffer requirement not met.
display  D   display_settings.c:191  debug_display_settings           [   0.04318] color: 16 (rgba 5650), depth: 0, stencil: 0, acc: 0000, samples: 6/1
display  D   display_settings.c:377  _al_score_display_settings       [   0.04319] Single Buffer requirement not met.
display  D   display_settings.c:191  debug_display_settings           [   0.04320] color: 16 (rgba 5650), depth: 0, stencil: 0, acc: 0000, samples: 7/1
display  D   display_settings.c:377  _al_score_display_settings       [   0.04320] Single Buffer requirement not met.
display  D   display_settings.c:191  debug_display_settings           [   0.04321] color: 16 (rgba 5650), depth: 0, stencil: 0, acc: 0000, samples: 8/1
display  D   display_settings.c:377  _al_score_display_settings       [   0.04322] Single Buffer requirement not met.
display  D   display_settings.c:191  debug_display_settings           [   0.04322] color: 16 (rgba 5650), depth: 24, stencil: 8, acc: 0000, samples: 0/0
display  D   display_settings.c:377  _al_score_display_settings       [   0.04323] Single Buffer requirement not met.
display  D   display_settings.c:191  debug_display_settings           [   0.04324] color: 16 (rgba 5650), depth: 24, stencil: 8, acc: 0000, samples: 0/0
display  D   display_settings.c:377  _al_score_display_settings       [   0.04325] Single Buffer requirement not met.
display  D   display_settings.c:191  debug_display_settings           [   0.04325] color: 16 (rgba 5650), depth: 24, stencil: 8, acc: 0000, samples: 2/1
display  D   display_settings.c:377  _al_score_display_settings       [   0.04326] Single Buffer requirement not met.
display  D   display_settings.c:191  debug_display_settings           [   0.04327] color: 16 (rgba 5650), depth: 24, stencil: 8, acc: 0000, samples: 3/1
display  D   display_settings.c:377  _al_score_display_settings       [   0.04327] Single Buffer requirement not met.
display  D   display_settings.c:191  debug_display_settings           [   0.04328] color: 16 (rgba 5650), depth: 24, stencil: 8, acc: 0000, samples: 4/1
display  D   display_settings.c:377  _al_score_display_settings       [   0.04330] Single Buffer requirement not met.
display  D   display_settings.c:191  debug_display_settings           [   0.04331] color: 16 (rgba 5650), depth: 24, stencil: 8, acc: 0000, samples: 5/1
display  D   display_settings.c:377  _al_score_display_settings       [   0.04332] Single Buffer requirement not met.
display  D   display_settings.c:191  debug_display_settings           [   0.04332] color: 16 (rgba 5650), depth: 24, stencil: 8, acc: 0000, samples: 6/1
display  D   display_settings.c:377  _al_score_display_settings       [   0.04333] Single Buffer requirement not met.
display  D   display_settings.c:191  debug_display_settings           [   0.04334] color: 16 (rgba 5650), depth: 24, stencil: 8, acc: 0000, samples: 7/1
display  D   display_settings.c:377  _al_score_display_settings       [   0.04334] Single Buffer requirement not met.
display  D   display_settings.c:191  debug_display_settings           [   0.04335] color: 16 (rgba 5650), depth: 24, stencil: 8, acc: 0000, samples: 8/1
display  D   display_settings.c:377  _al_score_display_settings       [   0.04336] Single Buffer requirement not met.
display  D   display_settings.c:191  debug_display_settings           [   0.04336] color: 16 (rgba 5650), depth: 24, stencil: 0, acc: 0000, samples: 0/0
display  D   display_settings.c:377  _al_score_display_settings       [   0.04337] Single Buffer requirement not met.
display  D   display_settings.c:191  debug_display_settings           [   0.04338] color: 16 (rgba 5650), depth: 24, stencil: 0, acc: 0000, samples: 0/0
display  D   display_settings.c:377  _al_score_display_settings       [   0.04339] Single Buffer requirement not met.
display  D   display_settings.c:191  debug_display_settings           [   0.04339] color: 16 (rgba 5650), depth: 24, stencil: 0, acc: 0000, samples: 2/1
display  D   display_settings.c:377  _al_score_display_settings       [   0.04340] Single Buffer requirement not met.
display  D   display_settings.c:191  debug_display_settings           [   0.04341] color: 16 (rgba 5650), depth: 24, stencil: 0, acc: 0000, samples: 3/1
display  D   display_settings.c:377  _al_score_display_settings       [   0.04341] Single Buffer requirement not met.
display  D   display_settings.c:191  debug_display_settings           [   0.04342] color: 16 (rgba 5650), depth: 24, stencil: 0, acc: 0000, samples: 4/1
display  D   display_settings.c:377  _al_score_display_settings       [   0.04343] Single Buffer requirement not met.
display  D   display_settings.c:191  debug_display_settings           [   0.04343] color: 16 (rgba 5650), depth: 24, stencil: 0, acc: 0000, samples: 5/1
display  D   display_settings.c:377  _al_score_display_settings       [   0.04344] Single Buffer requirement not met.
display  D   display_settings.c:191  debug_display_settings           [   0.04345] color: 16 (rgba 5650), depth: 24, stencil: 0, acc: 0000, samples: 6/1
display  D   display_settings.c:377  _al_score_display_settings       [   0.04346] Single Buffer requirement not met.
display  D   display_settings.c:191  debug_display_settings           [   0.04346] color: 16 (rgba 5650), depth: 24, stencil: 0, acc: 0000, samples: 7/1
display  D   display_settings.c:377  _al_score_display_settings       [   0.04347] Single Buffer requirement not met.
display  D   display_settings.c:191  debug_display_settings           [   0.04348] color: 16 (rgba 5650), depth: 24, stencil: 0, acc: 0000, samples: 8/1
display  D   display_settings.c:377  _al_score_display_settings       [   0.04348] Single Buffer requirement not met.
display  D   display_settings.c:191  debug_display_settings           [   0.04349] color: 16 (rgba 5650), depth: 16, stencil: 0, acc: 0000, samples: 0/0
display  D   display_settings.c:377  _al_score_display_settings       [   0.04350] Single Buffer requirement not met.
display  D   display_settings.c:191  debug_display_settings           [   0.04350] color: 16 (rgba 5650), depth: 16, stencil: 0, acc: 0000, samples: 0/0
display  D   display_settings.c:377  _al_score_display_settings       [   0.04351] Single Buffer requirement not met.
display  D   display_settings.c:191  debug_display_settings           [   0.04352] color: 16 (rgba 5650), depth: 16, stencil: 0, acc: 0000, samples: 2/1
display  D   display_settings.c:377  _al_score_display_settings       [   0.04353] Single Buffer requirement not met.
display  D   display_settings.c:191  debug_display_settings           [   0.04353] color: 16 (rgba 5650), depth: 16, stencil: 0, acc: 0000, samples: 3/1
display  D   display_settings.c:377  _al_score_display_settings       [   0.04354] Single Buffer requirement not met.
display  D   display_settings.c:191  debug_display_settings           [   0.04355] color: 16 (rgba 5650), depth: 16, stencil: 0, acc: 0000, samples: 4/1
display  D   display_settings.c:377  _al_score_display_settings       [   0.04355] Single Buffer requirement not met.
display  D   display_settings.c:191  debug_display_settings           [   0.04356] color: 16 (rgba 5650), depth: 16, stencil: 0, acc: 0000, samples: 5/1
display  D   display_settings.c:377  _al_score_display_settings       [   0.04357] Single Buffer requirement not met.
display  D   display_settings.c:191  debug_display_settings           [   0.04357] color: 16 (rgba 5650), depth: 16, stencil: 0, acc: 0000, samples: 6/1
display  D   display_settings.c:377  _al_score_display_settings       [   0.04358] Single Buffer requirement not met.
display  D   display_settings.c:191  debug_display_settings           [   0.04359] color: 16 (rgba 5650), depth: 16, stencil: 0, acc: 0000, samples: 7/1
display  D   display_settings.c:377  _al_score_display_settings       [   0.04359] Single Buffer requirement not met.
display  D   display_settings.c:191  debug_display_settings           [   0.04360] color: 16 (rgba 5650), depth: 16, stencil: 0, acc: 0000, samples: 8/1
display  D   display_settings.c:377  _al_score_display_settings       [   0.04361] Single Buffer requirement not met.
display  D   display_settings.c:191  debug_display_settings           [   0.04361] color: 32 (rgba 8880), depth: 0, stencil: 0, acc: 0000, samples: 0/0
display  D   display_settings.c:506  _al_score_display_settings       [   0.04362] Score is : 769
display  D   display_settings.c:191  debug_display_settings           [   0.04363] color: 32 (rgba 8880), depth: 0, stencil: 0, acc: 0000, samples: 0/0
display  D   display_settings.c:506  _al_score_display_settings       [   0.04364] Score is : 769
display  D   display_settings.c:191  debug_display_settings           [   0.04364] color: 32 (rgba 8880), depth: 0, stencil: 0, acc: 0000, samples: 2/1
display  D   display_settings.c:506  _al_score_display_settings       [   0.04365] Score is : 598
display  D   display_settings.c:191  debug_display_settings           [   0.04366] color: 32 (rgba 8880), depth: 0, stencil: 0, acc: 0000, samples: 3/1
display  D   display_settings.c:506  _al_score_display_settings       [   0.04366] Score is : 593
display  D   display_settings.c:191  debug_display_settings           [   0.04367] color: 32 (rgba 8880), depth: 0, stencil: 0, acc: 0000, samples: 4/1
display  D   display_settings.c:506  _al_score_display_settings       [   0.04368] Score is : 589
display  D   display_settings.c:191  debug_display_settings           [   0.04368] color: 32 (rgba 8880), depth: 0, stencil: 0, acc: 0000, samples: 5/1
display  D   display_settings.c:506  _al_score_display_settings       [   0.04369] Score is : 587
display  D   display_settings.c:191  debug_display_settings           [   0.04370] color: 32 (rgba 8880), depth: 0, stencil: 0, acc: 0000, samples: 6/1
display  D   display_settings.c:506  _al_score_display_settings       [   0.04370] Score is : 586
display  D   display_settings.c:191  debug_display_settings           [   0.04371] color: 32 (rgba 8880), depth: 0, stencil: 0, acc: 0000, samples: 7/1
display  D   display_settings.c:506  _al_score_display_settings       [   0.04372] Score is : 585
display  D   display_settings.c:191  debug_display_settings           [   0.04372] color: 32 (rgba 8880), depth: 0, stencil: 0, acc: 0000, samples: 8/1
display  D   display_settings.c:506  _al_score_display_settings       [   0.04373] Score is : 584
display  D   display_settings.c:191  debug_display_settings           [   0.04374] color: 32 (rgba 8880), depth: 24, stencil: 8, acc: 0000, samples: 0/0
display  D   display_settings.c:506  _al_score_display_settings       [   0.04375] Score is : 769
display  D   display_settings.c:191  debug_display_settings           [   0.04375] color: 32 (rgba 8880), depth: 24, stencil: 8, acc: 0000, samples: 0/0
display  D   display_settings.c:506  _al_score_display_settings       [   0.04376] Score is : 769
display  D   display_settings.c:191  debug_display_settings           [   0.04377] color: 32 (rgba 8880), depth: 24, stencil: 8, acc: 0000, samples: 2/1
display  D   display_settings.c:506  _al_score_display_settings       [   0.04377] Score is : 598
display  D   display_settings.c:191  debug_display_settings           [   0.04378] color: 32 (rgba 8880), depth: 24, stencil: 8, acc: 0000, samples: 3/1
display  D   display_settings.c:506  _al_score_display_settings       [   0.04379] Score is : 593
display  D   display_settings.c:191  debug_display_settings           [   0.04379] color: 32 (rgba 8880), depth: 24, stencil: 8, acc: 0000, samples: 4/1
display  D   display_settings.c:506  _al_score_display_settings       [   0.04380] Score is : 589
display  D   display_settings.c:191  debug_display_settings           [   0.04381] color: 32 (rgba 8880), depth: 24, stencil: 8, acc: 0000, samples: 5/1
display  D   display_settings.c:506  _al_score_display_settings       [   0.04382] Score is : 587
display  D   display_settings.c:191  debug_display_settings           [   0.04382] color: 32 (rgba 8880), depth: 24, stencil: 8, acc: 0000, samples: 6/1
display  D   display_settings.c:506  _al_score_display_settings       [   0.04383] Score is : 586
display  D   display_settings.c:191  debug_display_settings           [   0.04383] color: 32 (rgba 8880), depth: 24, stencil: 8, acc: 0000, samples: 7/1
display  D   display_settings.c:506  _al_score_display_settings       [   0.04384] Score is : 585
display  D   display_settings.c:191  debug_display_settings           [   0.04385] color: 32 (rgba 8880), depth: 24, stencil: 8, acc: 0000, samples: 8/1
display  D   display_settings.c:506  _al_score_display_settings       [   0.04386] Score is : 584
display  D   display_settings.c:191  debug_display_settings           [   0.04386] color: 32 (rgba 8880), depth: 24, stencil: 0, acc: 0000, samples: 0/0
display  D   display_settings.c:506  _al_score_display_settings       [   0.04387] Score is : 769
display  D   display_settings.c:191  debug_display_settings           [   0.04388] color: 32 (rgba 8880), depth: 24, stencil: 0, acc: 0000, samples: 0/0
display  D   display_settings.c:506  _al_score_display_settings       [   0.04388] Score is : 769
display  D   display_settings.c:191  debug_display_settings           [   0.04389] color: 32 (rgba 8880), depth: 24, stencil: 0, acc: 0000, samples: 2/1
display  D   display_settings.c:506  _al_score_display_settings       [   0.04390] Score is : 598
display  D   display_settings.c:191  debug_display_settings           [   0.04390] color: 32 (rgba 8880), depth: 24, stencil: 0, acc: 0000, samples: 3/1
display  D   display_settings.c:506  _al_score_display_settings       [   0.04391] Score is : 593
display  D   display_settings.c:191  debug_display_settings           [   0.04392] color: 32 (rgba 8880), depth: 24, stencil: 0, acc: 0000, samples: 4/1
display  D   display_settings.c:506  _al_score_display_settings       [   0.04393] Score is : 589
display  D   display_settings.c:191  debug_display_settings           [   0.04393] color: 32 (rgba 8880), depth: 24, stencil: 0, acc: 0000, samples: 5/1
display  D   display_settings.c:506  _al_score_display_settings       [   0.04394] Score is : 587
display  D   display_settings.c:191  debug_display_settings           [   0.04395] color: 32 (rgba 8880), depth: 24, stencil: 0, acc: 0000, samples: 6/1
display  D   display_settings.c:506  _al_score_display_settings       [   0.04395] Score is : 586
display  D   display_settings.c:191  debug_display_settings           [   0.04396] color: 32 (rgba 8880), depth: 24, stencil: 0, acc: 0000, samples: 7/1
display  D   display_settings.c:506  _al_score_display_settings       [   0.04397] Score is : 585
display  D   display_settings.c:191  debug_display_settings           [   0.04397] color: 32 (rgba 8880), depth: 24, stencil: 0, acc: 0000, samples: 8/1
display  D   display_settings.c:506  _al_score_display_settings       [   0.04398] Score is : 584
display  D   display_settings.c:191  debug_display_settings           [   0.04399] color: 32 (rgba 8880), depth: 16, stencil: 0, acc: 0000, samples: 0/0
display  D   display_settings.c:506  _al_score_display_settings       [   0.04399] Score is : 769
display  D   display_settings.c:191  debug_display_settings           [   0.04400] color: 32 (rgba 8880), depth: 16, stencil: 0, acc: 0000, samples: 0/0
display  D   display_settings.c:506  _al_score_display_settings       [   0.04401] Score is : 769
display  D   display_settings.c:191  debug_display_settings           [   0.04401] color: 32 (rgba 8880), depth: 16, stencil: 0, acc: 0000, samples: 2/1
display  D   display_settings.c:506  _al_score_display_settings       [   0.04402] Score is : 598
display  D   display_settings.c:191  debug_display_settings           [   0.04403] color: 32 (rgba 8880), depth: 16, stencil: 0, acc: 0000, samples: 3/1
display  D   display_settings.c:506  _al_score_display_settings       [   0.04404] Score is : 593
display  D   display_settings.c:191  debug_display_settings           [   0.04404] color: 32 (rgba 8880), depth: 16, stencil: 0, acc: 0000, samples: 4/1
display  D   display_settings.c:506  _al_score_display_settings       [   0.04405] Score is : 589
display  D   display_settings.c:191  debug_display_settings           [   0.04405] color: 32 (rgba 8880), depth: 16, stencil: 0, acc: 0000, samples: 5/1
display  D   display_settings.c:506  _al_score_display_settings       [   0.04406] Score is : 587
display  D   display_settings.c:191  debug_display_settings           [   0.04407] color: 32 (rgba 8880), depth: 16, stencil: 0, acc: 0000, samples: 6/1
display  D   display_settings.c:506  _al_score_display_settings       [   0.04408] Score is : 586
display  D   display_settings.c:191  debug_display_settings           [   0.04408] color: 32 (rgba 8880), depth: 16, stencil: 0, acc: 0000, samples: 7/1
display  D   display_settings.c:506  _al_score_display_settings       [   0.04409] Score is : 585
display  D   display_settings.c:191  debug_display_settings           [   0.04410] color: 32 (rgba 8880), depth: 16, stencil: 0, acc: 0000, samples: 8/1
display  D   display_settings.c:506  _al_score_display_settings       [   0.04410] Score is : 584
display  D   display_settings.c:191  debug_display_settings           [   0.04411] color: 16 (rgba 5650), depth: 0, stencil: 0, acc: 0000, samples: 0/0
display  D   display_settings.c:506  _al_score_display_settings       [   0.04412] Score is : 769
display  D   display_settings.c:191  debug_display_settings           [   0.04412] color: 16 (rgba 5650), depth: 0, stencil: 0, acc: 0000, samples: 0/0
display  D   display_settings.c:506  _al_score_display_settings       [   0.04413] Score is : 769
display  D   display_settings.c:191  debug_display_settings           [   0.04414] color: 16 (rgba 5650), depth: 0, stencil: 0, acc: 0000, samples: 2/1
display  D   display_settings.c:506  _al_score_display_settings       [   0.04414] Score is : 598
display  D   display_settings.c:191  debug_display_settings           [   0.04415] color: 16 (rgba 5650), depth: 0, stencil: 0, acc: 0000, samples: 3/1
display  D   display_settings.c:506  _al_score_display_settings       [   0.04416] Score is : 593
display  D   display_settings.c:191  debug_display_settings           [   0.04416] color: 16 (rgba 5650), depth: 0, stencil: 0, acc: 0000, samples: 4/1
display  D   display_settings.c:506  _al_score_display_settings       [   0.04417] Score is : 589
display  D   display_settings.c:191  debug_display_settings           [   0.04418] color: 16 (rgba 5650), depth: 0, stencil: 0, acc: 0000, samples: 5/1
display  D   display_settings.c:506  _al_score_display_settings       [   0.04419] Score is : 587
display  D   display_settings.c:191  debug_display_settings           [   0.04419] color: 16 (rgba 5650), depth: 0, stencil: 0, acc: 0000, samples: 6/1
display  D   display_settings.c:506  _al_score_display_settings       [   0.04420] Score is : 586
display  D   display_settings.c:191  debug_display_settings           [   0.04421] color: 16 (rgba 5650), depth: 0, stencil: 0, acc: 0000, samples: 7/1
display  D   display_settings.c:506  _al_score_display_settings       [   0.04421] Score is : 585
display  D   display_settings.c:191  debug_display_settings           [   0.04422] color: 16 (rgba 5650), depth: 0, stencil: 0, acc: 0000, samples: 8/1
display  D   display_settings.c:506  _al_score_display_settings       [   0.04423] Score is : 584
display  D   display_settings.c:191  debug_display_settings           [   0.04423] color: 16 (rgba 5650), depth: 24, stencil: 8, acc: 0000, samples: 0/0
display  D   display_settings.c:506  _al_score_display_settings       [   0.04424] Score is : 769
display  D   display_settings.c:191  debug_display_settings           [   0.04425] color: 16 (rgba 5650), depth: 24, stencil: 8, acc: 0000, samples: 0/0
display  D   display_settings.c:506  _al_score_display_settings       [   0.04425] Score is : 769
display  D   display_settings.c:191  debug_display_settings           [   0.04426] color: 16 (rgba 5650), depth: 24, stencil: 8, acc: 0000, samples: 2/1
display  D   display_settings.c:506  _al_score_display_settings       [   0.04427] Score is : 598
display  D   display_settings.c:191  debug_display_settings           [   0.04427] color: 16 (rgba 5650), depth: 24, stencil: 8, acc: 0000, samples: 3/1
display  D   display_settings.c:506  _al_score_display_settings       [   0.04428] Score is : 593
display  D   display_settings.c:191  debug_display_settings           [   0.04429] color: 16 (rgba 5650), depth: 24, stencil: 8, acc: 0000, samples: 4/1
display  D   display_settings.c:506  _al_score_display_settings       [   0.04429] Score is : 589
display  D   display_settings.c:191  debug_display_settings           [   0.04430] color: 16 (rgba 5650), depth: 24, stencil: 8, acc: 0000, samples: 5/1
display  D   display_settings.c:506  _al_score_display_settings       [   0.04431] Score is : 587
display  D   display_settings.c:191  debug_display_settings           [   0.04431] color: 16 (rgba 5650), depth: 24, stencil: 8, acc: 0000, samples: 6/1
display  D   display_settings.c:506  _al_score_display_settings       [   0.04432] Score is : 586
display  D   display_settings.c:191  debug_display_settings           [   0.04433] color: 16 (rgba 5650), depth: 24, stencil: 8, acc: 0000, samples: 7/1
display  D   display_settings.c:506  _al_score_display_settings       [   0.04434] Score is : 585
display  D   display_settings.c:191  debug_display_settings           [   0.04434] color: 16 (rgba 5650), depth: 24, stencil: 8, acc: 0000, samples: 8/1
display  D   display_settings.c:506  _al_score_display_settings       [   0.04435] Score is : 584
display  D   display_settings.c:191  debug_display_settings           [   0.04436] color: 16 (rgba 5650), depth: 24, stencil: 0, acc: 0000, samples: 0/0
display  D   display_settings.c:506  _al_score_display_settings       [   0.04436] Score is : 769
display  D   display_settings.c:191  debug_display_settings           [   0.04437] color: 16 (rgba 5650), depth: 24, stencil: 0, acc: 0000, samples: 0/0
display  D   display_settings.c:506  _al_score_display_settings       [   0.04438] Score is : 769
display  D   display_settings.c:191  debug_display_settings           [   0.04438] color: 16 (rgba 5650), depth: 24, stencil: 0, acc: 0000, samples: 2/1
display  D   display_settings.c:506  _al_score_display_settings       [   0.04439] Score is : 598
display  D   display_settings.c:191  debug_display_settings           [   0.04440] color: 16 (rgba 5650), depth: 24, stencil: 0, acc: 0000, samples: 3/1
display  D   display_settings.c:506  _al_score_display_settings       [   0.04441] Score is : 593
display  D   display_settings.c:191  debug_display_settings           [   0.04441] color: 16 (rgba 5650), depth: 24, stencil: 0, acc: 0000, samples: 4/1
display  D   display_settings.c:506  _al_score_display_settings       [   0.04442] Score is : 589
display  D   display_settings.c:191  debug_display_settings           [   0.04442] color: 16 (rgba 5650), depth: 24, stencil: 0, acc: 0000, samples: 5/1
display  D   display_settings.c:506  _al_score_display_settings       [   0.04443] Score is : 587
display  D   display_settings.c:191  debug_display_settings           [   0.04444] color: 16 (rgba 5650), depth: 24, stencil: 0, acc: 0000, samples: 6/1
display  D   display_settings.c:506  _al_score_display_settings       [   0.04445] Score is : 586
display  D   display_settings.c:191  debug_display_settings           [   0.04445] color: 16 (rgba 5650), depth: 24, stencil: 0, acc: 0000, samples: 7/1
display  D   display_settings.c:506  _al_score_display_settings       [   0.04446] Score is : 585
display  D   display_settings.c:191  debug_display_settings           [   0.04447] color: 16 (rgba 5650), depth: 24, stencil: 0, acc: 0000, samples: 8/1
display  D   display_settings.c:506  _al_score_display_settings       [   0.04447] Score is : 584
display  D   display_settings.c:191  debug_display_settings           [   0.04448] color: 16 (rgba 5650), depth: 16, stencil: 0, acc: 0000, samples: 0/0
display  D   display_settings.c:506  _al_score_display_settings       [   0.04449] Score is : 769
display  D   display_settings.c:191  debug_display_settings           [   0.04449] color: 16 (rgba 5650), depth: 16, stencil: 0, acc: 0000, samples: 0/0
display  D   display_settings.c:506  _al_score_display_settings       [   0.04450] Score is : 769
display  D   display_settings.c:191  debug_display_settings           [   0.04451] color: 16 (rgba 5650), depth: 16, stencil: 0, acc: 0000, samples: 2/1
display  D   display_settings.c:506  _al_score_display_settings       [   0.04451] Score is : 598
display  D   display_settings.c:191  debug_display_settings           [   0.04452] color: 16 (rgba 5650), depth: 16, stencil: 0, acc: 0000, samples: 3/1
display  D   display_settings.c:506  _al_score_display_settings       [   0.04453] Score is : 593
display  D   display_settings.c:191  debug_display_settings           [   0.04453] color: 16 (rgba 5650), depth: 16, stencil: 0, acc: 0000, samples: 4/1
display  D   display_settings.c:506  _al_score_display_settings       [   0.04454] Score is : 589
display  D   display_settings.c:191  debug_display_settings           [   0.04455] color: 16 (rgba 5650), depth: 16, stencil: 0, acc: 0000, samples: 5/1
display  D   display_settings.c:506  _al_score_display_settings       [   0.04455] Score is : 587
display  D   display_settings.c:191  debug_display_settings           [   0.04456] color: 16 (rgba 5650), depth: 16, stencil: 0, acc: 0000, samples: 6/1
display  D   display_settings.c:506  _al_score_display_settings       [   0.04457] Score is : 586
display  D   display_settings.c:191  debug_display_settings           [   0.04457] color: 16 (rgba 5650), depth: 16, stencil: 0, acc: 0000, samples: 7/1
display  D   display_settings.c:506  _al_score_display_settings       [   0.04458] Score is : 585
display  D   display_settings.c:191  debug_display_settings           [   0.04459] color: 16 (rgba 5650), depth: 16, stencil: 0, acc: 0000, samples: 8/1
display  D   display_settings.c:506  _al_score_display_settings       [   0.04460] Score is : 584
display  D   display_settings.c:191  debug_display_settings           [   0.04460] color: 32 (rgba 8880), depth: 0, stencil: 0, acc: 0000, samples: 0/0
display  D   display_settings.c:377  _al_score_display_settings       [   0.04461] Single Buffer requirement not met.
display  D   display_settings.c:191  debug_display_settings           [   0.04462] color: 32 (rgba 8880), depth: 0, stencil: 0, acc: 0000, samples: 0/0
display  D   display_settings.c:377  _al_score_display_settings       [   0.04462] Single Buffer requirement not met.
display  D   display_settings.c:191  debug_display_settings           [   0.04463] color: 32 (rgba 8880), depth: 0, stencil: 0, acc: 0000, samples: 2/1
display  D   display_settings.c:377  _al_score_display_settings       [   0.04464] Single Buffer requirement not met.
display  D   display_settings.c:191  debug_display_settings           [   0.04464] color: 32 (rgba 8880), depth: 0, stencil: 0, acc: 0000, samples: 3/1
display  D   display_settings.c:377  _al_score_display_settings       [   0.04465] Single Buffer requirement not met.
display  D   display_settings.c:191  debug_display_settings           [   0.04466] color: 32 (rgba 8880), depth: 0, stencil: 0, acc: 0000, samples: 4/1
display  D   display_settings.c:377  _al_score_display_settings       [   0.04466] Single Buffer requirement not met.
display  D   display_settings.c:191  debug_display_settings           [   0.04467] color: 32 (rgba 8880), depth: 0, stencil: 0, acc: 0000, samples: 5/1
display  D   display_settings.c:377  _al_score_display_settings       [   0.04468] Single Buffer requirement not met.
display  D   display_settings.c:191  debug_display_settings           [   0.04468] color: 32 (rgba 8880), depth: 0, stencil: 0, acc: 0000, samples: 6/1
display  D   display_settings.c:377  _al_score_display_settings       [   0.04469] Single Buffer requirement not met.
display  D   display_settings.c:191  debug_display_settings           [   0.04470] color: 32 (rgba 8880), depth: 0, stencil: 0, acc: 0000, samples: 7/1
display  D   display_settings.c:377  _al_score_display_settings       [   0.04471] Single Buffer requirement not met.
display  D   display_settings.c:191  debug_display_settings           [   0.04471] color: 32 (rgba 8880), depth: 0, stencil: 0, acc: 0000, samples: 8/1
display  D   display_settings.c:377  _al_score_display_settings       [   0.04472] Single Buffer requirement not met.
display  D   display_settings.c:191  debug_display_settings           [   0.04473] color: 32 (rgba 8880), depth: 24, stencil: 8, acc: 0000, samples: 0/0
display  D   display_settings.c:377  _al_score_display_settings       [   0.04473] Single Buffer requirement not met.
display  D   display_settings.c:191  debug_display_settings           [   0.04474] color: 32 (rgba 8880), depth: 24, stencil: 8, acc: 0000, samples: 0/0
display  D   display_settings.c:377  _al_score_display_settings       [   0.04475] Single Buffer requirement not met.
display  D   display_settings.c:191  debug_display_settings           [   0.04475] color: 32 (rgba 8880), depth: 24, stencil: 8, acc: 0000, samples: 2/1
display  D   display_settings.c:377  _al_score_display_settings       [   0.04476] Single Buffer requirement not met.
display  D   display_settings.c:191  debug_display_settings           [   0.04477] color: 32 (rgba 8880), depth: 24, stencil: 8, acc: 0000, samples: 3/1
display  D   display_settings.c:377  _al_score_display_settings       [   0.04478] Single Buffer requirement not met.
display  D   display_settings.c:191  debug_display_settings           [   0.04478] color: 32 (rgba 8880), depth: 24, stencil: 8, acc: 0000, samples: 4/1
display  D   display_settings.c:377  _al_score_display_settings       [   0.04479] Single Buffer requirement not met.
display  D   display_settings.c:191  debug_display_settings           [   0.04480] color: 32 (rgba 8880), depth: 24, stencil: 8, acc: 0000, samples: 5/1
display  D   display_settings.c:377  _al_score_display_settings       [   0.04480] Single Buffer requirement not met.
display  D   display_settings.c:191  debug_display_settings           [   0.04481] color: 32 (rgba 8880), depth: 24, stencil: 8, acc: 0000, samples: 6/1
display  D   display_settings.c:377  _al_score_display_settings       [   0.04482] Single Buffer requirement not met.
display  D   display_settings.c:191  debug_display_settings           [   0.04482] color: 32 (rgba 8880), depth: 24, stencil: 8, acc: 0000, samples: 7/1
display  D   display_settings.c:377  _al_score_display_settings       [   0.04483] Single Buffer requirement not met.
display  D   display_settings.c:191  debug_display_settings           [   0.04484] color: 32 (rgba 8880), depth: 24, stencil: 8, acc: 0000, samples: 8/1
display  D   display_settings.c:377  _al_score_display_settings       [   0.04485] Single Buffer requirement not met.
display  D   display_settings.c:191  debug_display_settings           [   0.04485] color: 32 (rgba 8880), depth: 24, stencil: 0, acc: 0000, samples: 0/0
display  D   display_settings.c:377  _al_score_display_settings       [   0.04486] Single Buffer requirement not met.
display  D   display_settings.c:191  debug_display_settings           [   0.04487] color: 32 (rgba 8880), depth: 24, stencil: 0, acc: 0000, samples: 0/0
display  D   display_settings.c:377  _al_score_display_settings       [   0.04487] Single Buffer requirement not met.
display  D   display_settings.c:191  debug_display_settings           [   0.04488] color: 32 (rgba 8880), depth: 24, stencil: 0, acc: 0000, samples: 2/1
display  D   display_settings.c:377  _al_score_display_settings       [   0.04489] Single Buffer requirement not met.
display  D   display_settings.c:191  debug_display_settings           [   0.04489] color: 32 (rgba 8880), depth: 24, stencil: 0, acc: 0000, samples: 3/1
display  D   display_settings.c:377  _al_score_display_settings       [   0.04490] Single Buffer requirement not met.
display  D   display_settings.c:191  debug_display_settings           [   0.04491] color: 32 (rgba 8880), depth: 24, stencil: 0, acc: 0000, samples: 4/1
display  D   display_settings.c:377  _al_score_display_settings       [   0.04491] Single Buffer requirement not met.
display  D   display_settings.c:191  debug_display_settings           [   0.04492] color: 32 (rgba 8880), depth: 24, stencil: 0, acc: 0000, samples: 5/1
display  D   display_settings.c:377  _al_score_display_settings       [   0.04493] Single Buffer requirement not met.
display  D   display_settings.c:191  debug_display_settings           [   0.04493] color: 32 (rgba 8880), depth: 24, stencil: 0, acc: 0000, samples: 6/1
display  D   display_settings.c:377  _al_score_display_settings       [   0.04494] Single Buffer requirement not met.
display  D   display_settings.c:191  debug_display_settings           [   0.04495] color: 32 (rgba 8880), depth: 24, stencil: 0, acc: 0000, samples: 7/1
display  D   display_settings.c:377  _al_score_display_settings       [   0.04496] Single Buffer requirement not met.
display  D   display_settings.c:191  debug_display_settings           [   0.04496] color: 32 (rgba 8880), depth: 24, stencil: 0, acc: 0000, samples: 8/1
display  D   display_settings.c:377  _al_score_display_settings       [   0.04497] Single Buffer requirement not met.
display  D   display_settings.c:191  debug_display_settings           [   0.04498] color: 32 (rgba 8880), depth: 16, stencil: 0, acc: 0000, samples: 0/0
display  D   display_settings.c:377  _al_score_display_settings       [   0.04498] Single Buffer requirement not met.
display  D   display_settings.c:191  debug_display_settings           [   0.04499] color: 32 (rgba 8880), depth: 16, stencil: 0, acc: 0000, samples: 0/0
display  D   display_settings.c:377  _al_score_display_settings       [   0.04500] Single Buffer requirement not met.
display  D   display_settings.c:191  debug_display_settings           [   0.04500] color: 32 (rgba 8880), depth: 16, stencil: 0, acc: 0000, samples: 2/1
display  D   display_settings.c:377  _al_score_display_settings       [   0.04501] Single Buffer requirement not met.
display  D   display_settings.c:191  debug_display_settings           [   0.04502] color: 32 (rgba 8880), depth: 16, stencil: 0, acc: 0000, samples: 3/1
display  D   display_settings.c:377  _al_score_display_settings       [   0.04503] Single Buffer requirement not met.
display  D   display_settings.c:191  debug_display_settings           [   0.04504] color: 32 (rgba 8880), depth: 16, stencil: 0, acc: 0000, samples: 4/1
display  D   display_settings.c:377  _al_score_display_settings       [   0.04505] Single Buffer requirement not met.
display  D   display_settings.c:191  debug_display_settings           [   0.04506] color: 32 (rgba 8880), depth: 16, stencil: 0, acc: 0000, samples: 5/1
display  D   display_settings.c:377  _al_score_display_settings       [   0.04507] Single Buffer requirement not met.
display  D   display_settings.c:191  debug_display_settings           [   0.04507] color: 32 (rgba 8880), depth: 16, stencil: 0, acc: 0000, samples: 6/1
display  D   display_settings.c:377  _al_score_display_settings       [   0.04508] Single Buffer requirement not met.
display  D   display_settings.c:191  debug_display_settings           [   0.04509] color: 32 (rgba 8880), depth: 16, stencil: 0, acc: 0000, samples: 7/1
display  D   display_settings.c:377  _al_score_display_settings       [   0.04509] Single Buffer requirement not met.
display  D   display_settings.c:191  debug_display_settings           [   0.04510] color: 32 (rgba 8880), depth: 16, stencil: 0, acc: 0000, samples: 8/1
display  D   display_settings.c:377  _al_score_display_settings       [   0.04511] Single Buffer requirement not met.
display  D   display_settings.c:191  debug_display_settings           [   0.04511] color: 16 (rgba 5650), depth: 0, stencil: 0, acc: 0000, samples: 0/0
display  D   display_settings.c:377  _al_score_display_settings       [   0.04512] Single Buffer requirement not met.
display  D   display_settings.c:191  debug_display_settings           [   0.04513] color: 16 (rgba 5650), depth: 0, stencil: 0, acc: 0000, samples: 0/0
display  D   display_settings.c:377  _al_score_display_settings       [   0.04514] Single Buffer requirement not met.
display  D   display_settings.c:191  debug_display_settings           [   0.04514] color: 16 (rgba 5650), depth: 0, stencil: 0, acc: 0000, samples: 2/1
display  D   display_settings.c:377  _al_score_display_settings       [   0.04515] Single Buffer requirement not met.
display  D   display_settings.c:191  debug_display_settings           [   0.04516] color: 16 (rgba 5650), depth: 0, stencil: 0, acc: 0000, samples: 3/1
display  D   display_settings.c:377  _al_score_display_settings       [   0.04516] Single Buffer requirement not met.
display  D   display_settings.c:191  debug_display_settings           [   0.04517] color: 16 (rgba 5650), depth: 0, stencil: 0, acc: 0000, samples: 4/1
display  D   display_settings.c:377  _al_score_display_settings       [   0.04518] Single Buffer requirement not met.
display  D   display_settings.c:191  debug_display_settings           [   0.04518] color: 16 (rgba 5650), depth: 0, stencil: 0, acc: 0000, samples: 5/1
display  D   display_settings.c:377  _al_score_display_settings       [   0.04519] Single Buffer requirement not met.
display  D   display_settings.c:191  debug_display_settings           [   0.04520] color: 16 (rgba 5650), depth: 0, stencil: 0, acc: 0000, samples: 6/1
display  D   display_settings.c:377  _al_score_display_settings       [   0.04521] Single Buffer requirement not met.
display  D   display_settings.c:191  debug_display_settings           [   0.04521] color: 16 (rgba 5650), depth: 0, stencil: 0, acc: 0000, samples: 7/1
display  D   display_settings.c:377  _al_score_display_settings       [   0.04522] Single Buffer requirement not met.
display  D   display_settings.c:191  debug_display_settings           [   0.04523] color: 16 (rgba 5650), depth: 0, stencil: 0, acc: 0000, samples: 8/1
display  D   display_settings.c:377  _al_score_display_settings       [   0.04523] Single Buffer requirement not met.
display  D   display_settings.c:191  debug_display_settings           [   0.04524] color: 16 (rgba 5650), depth: 24, stencil: 8, acc: 0000, samples: 0/0
display  D   display_settings.c:377  _al_score_display_settings       [   0.04525] Single Buffer requirement not met.
display  D   display_settings.c:191  debug_display_settings           [   0.04525] color: 16 (rgba 5650), depth: 24, stencil: 8, acc: 0000, samples: 0/0
display  D   display_settings.c:377  _al_score_display_settings       [   0.04526] Single Buffer requirement not met.
display  D   display_settings.c:191  debug_display_settings           [   0.04527] color: 16 (rgba 5650), depth: 24, stencil: 8, acc: 0000, samples: 2/1
display  D   display_settings.c:377  _al_score_display_settings       [   0.04528] Single Buffer requirement not met.
display  D   display_settings.c:191  debug_display_settings           [   0.04528] color: 16 (rgba 5650), depth: 24, stencil: 8, acc: 0000, samples: 3/1
display  D   display_settings.c:377  _al_score_display_settings       [   0.04529] Single Buffer requirement not met.
display  D   display_settings.c:191  debug_display_settings           [   0.04530] color: 16 (rgba 5650), depth: 24, stencil: 8, acc: 0000, samples: 4/1
display  D   display_settings.c:377  _al_score_display_settings       [   0.04530] Single Buffer requirement not met.
display  D   display_settings.c:191  debug_display_settings           [   0.04531] color: 16 (rgba 5650), depth: 24, stencil: 8, acc: 0000, samples: 5/1
display  D   display_settings.c:377  _al_score_display_settings       [   0.04532] Single Buffer requirement not met.
display  D   display_settings.c:191  debug_display_settings           [   0.04532] color: 16 (rgba 5650), depth: 24, stencil: 8, acc: 0000, samples: 6/1
display  D   display_settings.c:377  _al_score_display_settings       [   0.04533] Single Buffer requirement not met.
display  D   display_settings.c:191  debug_display_settings           [   0.04534] color: 16 (rgba 5650), depth: 24, stencil: 8, acc: 0000, samples: 7/1
display  D   display_settings.c:377  _al_score_display_settings       [   0.04535] Single Buffer requirement not met.
display  D   display_settings.c:191  debug_display_settings           [   0.04535] color: 16 (rgba 5650), depth: 24, stencil: 8, acc: 0000, samples: 8/1
display  D   display_settings.c:377  _al_score_display_settings       [   0.04536] Single Buffer requirement not met.
display  D   display_settings.c:191  debug_display_settings           [   0.04537] color: 16 (rgba 5650), depth: 24, stencil: 0, acc: 0000, samples: 0/0
display  D   display_settings.c:377  _al_score_display_settings       [   0.04537] Single Buffer requirement not met.
display  D   display_settings.c:191  debug_display_settings           [   0.04538] color: 16 (rgba 5650), depth: 24, stencil: 0, acc: 0000, samples: 0/0
display  D   display_settings.c:377  _al_score_display_settings       [   0.04539] Single Buffer requirement not met.
display  D   display_settings.c:191  debug_display_settings           [   0.04539] color: 16 (rgba 5650), depth: 24, stencil: 0, acc: 0000, samples: 2/1
display  D   display_settings.c:377  _al_score_display_settings       [   0.04540] Single Buffer requirement not met.
display  D   display_settings.c:191  debug_display_settings           [   0.04541] color: 16 (rgba 5650), depth: 24, stencil: 0, acc: 0000, samples: 3/1
display  D   display_settings.c:377  _al_score_display_settings       [   0.04542] Single Buffer requirement not met.
display  D   display_settings.c:191  debug_display_settings           [   0.04542] color: 16 (rgba 5650), depth: 24, stencil: 0, acc: 0000, samples: 4/1
display  D   display_settings.c:377  _al_score_display_settings       [   0.04543] Single Buffer requirement not met.
display  D   display_settings.c:191  debug_display_settings           [   0.04544] color: 16 (rgba 5650), depth: 24, stencil: 0, acc: 0000, samples: 5/1
display  D   display_settings.c:377  _al_score_display_settings       [   0.04544] Single Buffer requirement not met.
display  D   display_settings.c:191  debug_display_settings           [   0.04545] color: 16 (rgba 5650), depth: 24, stencil: 0, acc: 0000, samples: 6/1
display  D   display_settings.c:377  _al_score_display_settings       [   0.04546] Single Buffer requirement not met.
display  D   display_settings.c:191  debug_display_settings           [   0.04546] color: 16 (rgba 5650), depth: 24, stencil: 0, acc: 0000, samples: 7/1
display  D   display_settings.c:377  _al_score_display_settings       [   0.04547] Single Buffer requirement not met.
display  D   display_settings.c:191  debug_display_settings           [   0.04548] color: 16 (rgba 5650), depth: 24, stencil: 0, acc: 0000, samples: 8/1
display  D   display_settings.c:377  _al_score_display_settings       [   0.04549] Single Buffer requirement not met.
display  D   display_settings.c:191  debug_display_settings           [   0.04549] color: 16 (rgba 5650), depth: 16, stencil: 0, acc: 0000, samples: 0/0
display  D   display_settings.c:377  _al_score_display_settings       [   0.04550] Single Buffer requirement not met.
display  D   display_settings.c:191  debug_display_settings           [   0.04551] color: 16 (rgba 5650), depth: 16, stencil: 0, acc: 0000, samples: 0/0
display  D   display_settings.c:377  _al_score_display_settings       [   0.04551] Single Buffer requirement not met.
display  D   display_settings.c:191  debug_display_settings           [   0.04552] color: 16 (rgba 5650), depth: 16, stencil: 0, acc: 0000, samples: 2/1
display  D   display_settings.c:377  _al_score_display_settings       [   0.04553] Single Buffer requirement not met.
display  D   display_settings.c:191  debug_display_settings           [   0.04553] color: 16 (rgba 5650), depth: 16, stencil: 0, acc: 0000, samples: 3/1
display  D   display_settings.c:377  _al_score_display_settings       [   0.04554] Single Buffer requirement not met.
display  D   display_settings.c:191  debug_display_settings           [   0.04555] color: 16 (rgba 5650), depth: 16, stencil: 0, acc: 0000, samples: 4/1
display  D   display_settings.c:377  _al_score_display_settings       [   0.04556] Single Buffer requirement not met.
display  D   display_settings.c:191  debug_display_settings           [   0.04556] color: 16 (rgba 5650), depth: 16, stencil: 0, acc: 0000, samples: 5/1
display  D   display_settings.c:377  _al_score_display_settings       [   0.04557] Single Buffer requirement not met.
display  D   display_settings.c:191  debug_display_settings           [   0.04558] color: 16 (rgba 5650), depth: 16, stencil: 0, acc: 0000, samples: 6/1
display  D   display_settings.c:377  _al_score_display_settings       [   0.04558] Single Buffer requirement not met.
display  D   display_settings.c:191  debug_display_settings           [   0.04559] color: 16 (rgba 5650), depth: 16, stencil: 0, acc: 0000, samples: 7/1
display  D   display_settings.c:377  _al_score_display_settings       [   0.04560] Single Buffer requirement not met.
display  D   display_settings.c:191  debug_display_settings           [   0.04560] color: 16 (rgba 5650), depth: 16, stencil: 0, acc: 0000, samples: 8/1
display  D   display_settings.c:377  _al_score_display_settings       [   0.04561] Single Buffer requirement not met.
d3d      D         d3d_disp.cpp:1645 d3d_create_display_internals     [   0.04565] Trying format 0.
d3d      I         d3d_disp.cpp:1326 d3d_display_thread_proc          [   0.04592] Chose a display format: 23
d3d      I         d3d_disp.cpp:1395 d3d_display_thread_proc          [   0.04593] Normal window.
d3d      I         d3d_disp.cpp:801  d3d_create_device                [   0.05124] Using no depth stencil buffer
d3d      D         d3d_disp.cpp:866  d3d_create_device                [   0.09356] BeginScene succeeded in create_device
d3d      D         d3d_disp.cpp:874  d3d_create_device                [   0.09358] Success
d3d      D         d3d_disp.cpp:1668 d3d_create_display_internals     [   0.09361] Resumed after wait.
d3d      I         d3d_disp.cpp:1701 d3d_create_display_internals     [   0.09366] Format 0 succeeded.
d3d      D         d3d_disp.cpp:1724 d3d_create_display_internals     [   0.09367] Returning d3d_display: 008457E8
d3d      D         d3d_disp.cpp:1749 d3d_create_display_locked        [   0.09368] al_display=008457E8
d3d      D         d3d_disp.cpp:1750 d3d_create_display_locked        [   0.09369] al_display->vt=00845720
dtor     D               dtor.c:184  _al_register_destructor          [   0.09437] added dtor for object 009094E0, func 61A827A7
dtor     D               dtor.c:184  _al_register_destructor          [   0.09439] added dtor for object 0090A7D0, func 61A824D2
dtor     D               dtor.c:214  _al_unregister_destructor        [  46.25825] removed dtor for object 009094E0
dtor     D               dtor.c:214  _al_unregister_destructor        [  46.26077] removed dtor for object 0090A7D0
d3d      I         d3d_disp.cpp:921  d3d_destroy_display              [  46.26081] destroying display 008457E8 (current 00000000)
d3d      D         d3d_disp.cpp:905  d3d_destroy_display_internals    [  46.26084] waiting for display 008457E8's thread to end
d3d      W         d3d_disp.cpp:617  d3d_destroy_device               [  46.28344] d3d_destroy_device: ref count not 0
d3d      I         d3d_disp.cpp:1527 d3d_display_thread_proc          [  46.30703] d3d display thread exits
